2022-02-16 14:24:07,490 django.utils.autoreload 637 INFO     Watching for file changes with StatReloader
2022-02-16 14:24:11,274 django.request 230 WARNING  Not Found: /
2022-02-16 14:24:18,117 demo.views   16 ERROR    [Errno 2] No such file or directory: 'test.txt'
2022-02-16 14:24:18,118 django.request 230 ERROR    Internal Server Error: /demo/home
Traceback (most recent call last):
  File "F:\Python3.6\lib\site-packages\django\core\handlers\exception.py", line 47, in inner
    response = get_response(request)
  File "F:\Python3.6\lib\site-packages\django\core\handlers\base.py", line 181, in _get_response
    response = wrapped_callback(request, *callback_args, **callback_kwargs)
  File "C:\Users\Administrator\PycharmProjects\envelope\demo\views.py", line 18, in home
    return render(request, 'home.html')
  File "F:\Python3.6\lib\site-packages\django\shortcuts.py", line 19, in render
    content = loader.render_to_string(template_name, context, request, using=using)
  File "F:\Python3.6\lib\site-packages\django\template\loader.py", line 61, in render_to_string
    template = get_template(template_name, using=using)
  File "F:\Python3.6\lib\site-packages\django\template\loader.py", line 19, in get_template
    raise TemplateDoesNotExist(template_name, chain=chain)
django.template.exceptions.TemplateDoesNotExist: home.html
2022-02-16 16:09:28,311 django.utils.autoreload 637 INFO     Watching for file changes with StatReloader
2022-02-16 16:13:56,313 django.request 230 ERROR    Internal Server Error: /demo/snatch
Traceback (most recent call last):
  File "F:\Python3.6\lib\site-packages\django\core\handlers\exception.py", line 47, in inner
    response = get_response(request)
  File "F:\Python3.6\lib\site-packages\django\core\handlers\base.py", line 188, in _get_response
    self.check_response(response, callback)
  File "F:\Python3.6\lib\site-packages\django\core\handlers\base.py", line 311, in check_response
    "instead." % name
ValueError: The view demo.views.snatch_view didn't return an HttpResponse object. It returned None instead.
2022-02-16 16:14:44,108 django.request 230 ERROR    Internal Server Error: /demo/snatch
Traceback (most recent call last):
  File "F:\Python3.6\lib\site-packages\django\utils\datastructures.py", line 76, in __getitem__
    list_ = super().__getitem__(key)
KeyError: 'uid'

During handling of the above exception, another exception occurred:

Traceback (most recent call last):
  File "F:\Python3.6\lib\site-packages\django\core\handlers\exception.py", line 47, in inner
    response = get_response(request)
  File "F:\Python3.6\lib\site-packages\django\core\handlers\base.py", line 181, in _get_response
    response = wrapped_callback(request, *callback_args, **callback_kwargs)
  File "C:\Users\Administrator\PycharmProjects\envelope\demo\views.py", line 15, in snatch_view
    uid = request.POST['uid']
  File "F:\Python3.6\lib\site-packages\django\utils\datastructures.py", line 78, in __getitem__
    raise MultiValueDictKeyError(key)
django.utils.datastructures.MultiValueDictKeyError: 'uid'
2022-02-16 16:17:09,657 django.utils.autoreload 251 INFO     C:\Users\Administrator\PycharmProjects\envelope\demo\views.py changed, reloading.
2022-02-16 16:17:09,997 django.utils.autoreload 637 INFO     Watching for file changes with StatReloader
2022-02-16 16:17:14,009 django.request 230 ERROR    Internal Server Error: /demo/snatch
Traceback (most recent call last):
  File "F:\Python3.6\lib\site-packages\django\utils\datastructures.py", line 76, in __getitem__
    list_ = super().__getitem__(key)
KeyError: 'uid'

During handling of the above exception, another exception occurred:

Traceback (most recent call last):
  File "F:\Python3.6\lib\site-packages\django\core\handlers\exception.py", line 47, in inner
    response = get_response(request)
  File "F:\Python3.6\lib\site-packages\django\core\handlers\base.py", line 181, in _get_response
    response = wrapped_callback(request, *callback_args, **callback_kwargs)
  File "C:\Users\Administrator\PycharmProjects\envelope\demo\views.py", line 16, in snatch_view
    uid = request.POST['uid']
  File "F:\Python3.6\lib\site-packages\django\utils\datastructures.py", line 78, in __getitem__
    raise MultiValueDictKeyError(key)
django.utils.datastructures.MultiValueDictKeyError: 'uid'
2022-02-16 16:20:44,559 django.utils.autoreload 251 INFO     C:\Users\Administrator\PycharmProjects\envelope\demo\views.py changed, reloading.
2022-02-16 16:20:44,897 django.utils.autoreload 637 INFO     Watching for file changes with StatReloader
2022-02-16 16:20:48,377 django.request 230 ERROR    Internal Server Error: /demo/snatch
Traceback (most recent call last):
  File "F:\Python3.6\lib\site-packages\django\core\handlers\exception.py", line 47, in inner
    response = get_response(request)
  File "F:\Python3.6\lib\site-packages\django\core\handlers\base.py", line 181, in _get_response
    response = wrapped_callback(request, *callback_args, **callback_kwargs)
  File "C:\Users\Administrator\PycharmProjects\envelope\demo\views.py", line 17, in snatch_view
    logger.info("ÇÀºì°ü--> uid: " + uid)
TypeError: must be str, not int
2022-02-16 16:21:22,671 django.utils.autoreload 251 INFO     C:\Users\Administrator\PycharmProjects\envelope\demo\views.py changed, reloading.
2022-02-16 16:21:23,013 django.utils.autoreload 637 INFO     Watching for file changes with StatReloader
2022-02-16 16:21:29,301 demo.views   17 INFO     ÇÀºì°ü--> uid: 123
2022-02-16 17:32:15,049 django.utils.autoreload 637 INFO     Watching for file changes with StatReloader
2022-02-16 17:33:44,263 django.utils.autoreload 637 INFO     Watching for file changes with StatReloader
2022-02-16 17:35:16,472 django.utils.autoreload 637 INFO     Watching for file changes with StatReloader
2022-02-16 17:39:20,418 django.utils.autoreload 637 INFO     Watching for file changes with StatReloader
2022-02-16 17:39:29,360 demo.views   19 INFO     ÇÀºì°ü--> uid: 123
2022-02-16 17:41:49,996 django.utils.autoreload 251 INFO     C:\Users\Administrator\PycharmProjects\envelope\demo\views.py changed, reloading.
2022-02-16 17:41:50,334 django.utils.autoreload 637 INFO     Watching for file changes with StatReloader
2022-02-16 17:41:59,638 django.utils.autoreload 251 INFO     C:\Users\Administrator\PycharmProjects\envelope\demo\views.py changed, reloading.
2022-02-16 17:41:59,977 django.utils.autoreload 637 INFO     Watching for file changes with StatReloader
2022-02-16 17:42:02,906 demo.views   19 INFO     ÇÀºì°ü--> uid: 123
2022-02-16 17:43:05,207 django.utils.autoreload 251 INFO     C:\Users\Administrator\PycharmProjects\envelope\demo\views.py changed, reloading.
2022-02-16 17:43:05,556 django.utils.autoreload 637 INFO     Watching for file changes with StatReloader
2022-02-16 17:43:08,875 demo.views   19 INFO     ÇÀºì°ü--> uid: 123
2022-02-16 17:44:11,824 django.utils.autoreload 251 INFO     C:\Users\Administrator\PycharmProjects\envelope\demo\views.py changed, reloading.
2022-02-16 17:44:12,185 django.utils.autoreload 637 INFO     Watching for file changes with StatReloader
2022-02-16 17:44:14,363 demo.views   19 INFO     ÇÀºì°ü--> uid: 123
2022-02-16 17:46:32,607 django.utils.autoreload 251 INFO     C:\Users\Administrator\PycharmProjects\envelope\demo\views.py changed, reloading.
2022-02-16 17:46:34,466 django.utils.autoreload 637 INFO     Watching for file changes with StatReloader
2022-02-16 17:53:08,179 django.utils.autoreload 251 INFO     C:\Users\Administrator\PycharmProjects\envelope\envelope\settings.py changed, reloading.
2022-02-16 17:53:08,525 django.utils.autoreload 637 INFO     Watching for file changes with StatReloader
2022-02-16 18:05:29,944 django.utils.autoreload 637 INFO     Watching for file changes with StatReloader
2022-02-16 18:05:44,689 django.utils.autoreload 637 INFO     Watching for file changes with StatReloader
2022-02-16 18:06:08,776 django.utils.autoreload 637 INFO     Watching for file changes with StatReloader
2022-02-16 18:07:13,223 django.utils.autoreload 637 INFO     Watching for file changes with StatReloader
2022-02-16 18:09:16,907 django.utils.autoreload 637 INFO     Watching for file changes with StatReloader
2022-02-16 18:09:24,143 django.utils.autoreload 251 INFO     C:\Users\Administrator\PycharmProjects\envelope\demo\urls.py changed, reloading.
2022-02-16 18:09:27,422 django.utils.autoreload 637 INFO     Watching for file changes with StatReloader
2022-02-16 18:09:34,589 django.request 230 WARNING  Not Found: /
2022-02-16 18:09:40,655 django.request 230 ERROR    Internal Server Error: /demo/init
Traceback (most recent call last):
  File "F:\Python3.6\lib\site-packages\django\core\handlers\exception.py", line 47, in inner
    response = get_response(request)
  File "F:\Python3.6\lib\site-packages\django\core\handlers\base.py", line 181, in _get_response
    response = wrapped_callback(request, *callback_args, **callback_kwargs)
  File "C:\Users\Administrator\PycharmProjects\envelope\demo\views.py", line 41, in init_view
    warmup.mysql_init()
TypeError: mysql_init() missing 1 required positional argument: 'self'
2022-02-16 18:10:30,858 django.utils.autoreload 251 INFO     C:\Users\Administrator\PycharmProjects\envelope\demo\views.py changed, reloading.
2022-02-16 18:10:31,199 django.utils.autoreload 637 INFO     Watching for file changes with StatReloader
2022-02-17 13:18:29,747 django.utils.autoreload 637 INFO     Watching for file changes with StatReloader
2022-02-17 13:18:39,691 django.request 230 ERROR    Internal Server Error: /demo/init
Traceback (most recent call last):
  File "F:\Python3.6\lib\site-packages\django\core\handlers\exception.py", line 47, in inner
    response = get_response(request)
  File "F:\Python3.6\lib\site-packages\django\core\handlers\base.py", line 181, in _get_response
    response = wrapped_callback(request, *callback_args, **callback_kwargs)
  File "C:\Users\Administrator\PycharmProjects\envelope\demo\views.py", line 47, in init_view
    w.redis_init()
  File "C:\Users\Administrator\PycharmProjects\envelope\demo\init.py", line 22, in redis_init
    snatchTimeList = random.sample(range(now, now + settings.CONTINUETIME), settings.MAXENVELOPECOUNT)
TypeError: 'float' object cannot be interpreted as an integer
2022-02-17 13:18:40,038 django.request 230 WARNING  Not Found: /favicon.ico
2022-02-17 13:21:11,501 django.utils.autoreload 251 INFO     C:\Users\Administrator\PycharmProjects\envelope\demo\init.py changed, reloading.
2022-02-17 13:21:11,849 django.utils.autoreload 637 INFO     Watching for file changes with StatReloader
2022-02-17 13:22:24,173 django.utils.autoreload 251 INFO     C:\Users\Administrator\PycharmProjects\envelope\demo\init.py changed, reloading.
2022-02-17 13:22:24,528 django.utils.autoreload 637 INFO     Watching for file changes with StatReloader
2022-02-17 13:22:34,883 django.utils.autoreload 251 INFO     C:\Users\Administrator\PycharmProjects\envelope\demo\init.py changed, reloading.
2022-02-17 13:22:35,224 django.utils.autoreload 637 INFO     Watching for file changes with StatReloader
2022-02-17 13:23:11,950 django.utils.autoreload 251 INFO     C:\Users\Administrator\PycharmProjects\envelope\demo\init.py changed, reloading.
2022-02-17 13:23:12,304 django.utils.autoreload 637 INFO     Watching for file changes with StatReloader
2022-02-17 13:23:56,172 django.utils.autoreload 251 INFO     C:\Users\Administrator\PycharmProjects\envelope\demo\init.py changed, reloading.
2022-02-17 13:23:56,535 django.utils.autoreload 637 INFO     Watching for file changes with StatReloader
2022-02-17 13:24:49,557 django.utils.autoreload 251 INFO     C:\Users\Administrator\PycharmProjects\envelope\demo\init.py changed, reloading.
2022-02-17 13:24:49,908 django.utils.autoreload 637 INFO     Watching for file changes with StatReloader
2022-02-17 13:25:51,019 django.utils.autoreload 251 INFO     C:\Users\Administrator\PycharmProjects\envelope\demo\init.py changed, reloading.
2022-02-17 13:25:51,361 django.utils.autoreload 637 INFO     Watching for file changes with StatReloader
2022-02-17 13:26:12,886 django.utils.autoreload 251 INFO     C:\Users\Administrator\PycharmProjects\envelope\demo\init.py changed, reloading.
2022-02-17 13:26:13,230 django.utils.autoreload 637 INFO     Watching for file changes with StatReloader
2022-02-17 13:27:09,260 django.utils.autoreload 251 INFO     C:\Users\Administrator\PycharmProjects\envelope\demo\init.py changed, reloading.
2022-02-17 13:27:09,607 django.utils.autoreload 637 INFO     Watching for file changes with StatReloader
2022-02-17 13:27:20,970 django.utils.autoreload 251 INFO     C:\Users\Administrator\PycharmProjects\envelope\demo\init.py changed, reloading.
2022-02-17 13:27:21,317 django.utils.autoreload 637 INFO     Watching for file changes with StatReloader
2022-02-17 13:28:26,545 django.utils.autoreload 251 INFO     C:\Users\Administrator\PycharmProjects\envelope\demo\init.py changed, reloading.
2022-02-17 13:28:26,894 django.utils.autoreload 637 INFO     Watching for file changes with StatReloader
2022-02-17 13:28:41,314 django.utils.autoreload 251 INFO     C:\Users\Administrator\PycharmProjects\envelope\demo\init.py changed, reloading.
2022-02-17 13:28:41,664 django.utils.autoreload 637 INFO     Watching for file changes with StatReloader
2022-02-17 13:28:43,507 django.utils.autoreload 637 INFO     Watching for file changes with StatReloader
2022-02-17 13:28:47,111 django.request 230 ERROR    Internal Server Error: /demo/init
Traceback (most recent call last):
  File "F:\Python3.6\lib\site-packages\django\core\handlers\exception.py", line 47, in inner
    response = get_response(request)
  File "F:\Python3.6\lib\site-packages\django\core\handlers\base.py", line 181, in _get_response
    response = wrapped_callback(request, *callback_args, **callback_kwargs)
  File "C:\Users\Administrator\PycharmProjects\envelope\demo\views.py", line 47, in init_view
    w.redis_init()
  File "C:\Users\Administrator\PycharmProjects\envelope\demo\init.py", line 26, in redis_init
    timestamp = random.randint(now, now + settings.CONTINUETIME)
  File "F:\Python3.6\lib\random.py", line 220, in randint
    return self.randrange(a, b+1)
  File "F:\Python3.6\lib\random.py", line 184, in randrange
    raise ValueError("non-integer arg 1 for randrange()")
ValueError: non-integer arg 1 for randrange()
2022-02-17 13:31:48,946 django.utils.autoreload 637 INFO     Watching for file changes with StatReloader
2022-02-18 16:08:54,513 django.utils.autoreload 637 INFO     Watching for file changes with StatReloader
2022-02-18 16:09:30,130 demo.views   21 INFO     ÇÀºì°ü-->u201
2022-02-18 16:10:57,033 django.utils.autoreload 251 INFO     C:\Users\Administrator\PycharmProjects\envelope\demo\views.py changed, reloading.
2022-02-18 16:10:57,382 django.utils.autoreload 637 INFO     Watching for file changes with StatReloader
2022-02-18 16:10:59,221 demo.views   21 INFO     ÇÀºì°ü-->u_201
2022-02-18 16:12:38,215 django.utils.autoreload 251 INFO     C:\Users\Administrator\PycharmProjects\envelope\demo\init.py changed, reloading.
2022-02-18 16:12:38,562 django.utils.autoreload 637 INFO     Watching for file changes with StatReloader
2022-02-18 16:12:54,803 demo.views   21 INFO     ÇÀºì°ü-->u_199
2022-02-18 16:13:23,455 demo.views   21 INFO     ÇÀºì°ü-->u_199
2022-02-18 16:13:30,267 demo.views   21 INFO     ÇÀºì°ü-->u_199
2022-02-18 16:13:31,282 demo.views   21 INFO     ÇÀºì°ü-->u_199
2022-02-18 16:13:32,110 demo.views   21 INFO     ÇÀºì°ü-->u_199
2022-02-18 16:14:48,930 django.utils.autoreload 251 INFO     C:\Users\Administrator\PycharmProjects\envelope\demo\views.py changed, reloading.
2022-02-18 16:14:49,277 django.utils.autoreload 637 INFO     Watching for file changes with StatReloader
2022-02-18 16:14:51,690 demo.views   21 INFO     ÇÀºì°ü-->u_199
2022-02-18 16:14:53,188 demo.views   21 INFO     ÇÀºì°ü-->u_199
2022-02-18 16:14:53,826 demo.views   21 INFO     ÇÀºì°ü-->u_199
2022-02-18 16:14:54,375 demo.views   21 INFO     ÇÀºì°ü-->u_199
2022-02-18 16:14:55,046 demo.views   21 INFO     ÇÀºì°ü-->u_199
2022-02-18 16:14:55,844 demo.views   21 INFO     ÇÀºì°ü-->u_199
2022-02-18 16:14:56,547 demo.views   21 INFO     ÇÀºì°ü-->u_199
2022-02-18 16:15:10,864 django.utils.autoreload 251 INFO     C:\Users\Administrator\PycharmProjects\envelope\demo\views.py changed, reloading.
2022-02-18 16:15:11,208 django.utils.autoreload 637 INFO     Watching for file changes with StatReloader
2022-02-18 16:20:31,467 django.utils.autoreload 251 INFO     C:\Users\Administrator\PycharmProjects\envelope\demo\views.py changed, reloading.
2022-02-18 16:20:31,807 django.utils.autoreload 637 INFO     Watching for file changes with StatReloader
2022-02-18 22:59:55,104 django.utils.autoreload 637 INFO     Watching for file changes with StatReloader
2022-02-18 23:00:10,027 django.utils.autoreload 251 INFO     C:\Users\Administrator\PycharmProjects\envelope\demo\init.py changed, reloading.
2022-02-18 23:00:10,368 django.utils.autoreload 637 INFO     Watching for file changes with StatReloader
2022-02-18 23:00:33,595 django.utils.autoreload 637 INFO     Watching for file changes with StatReloader
2022-02-18 23:03:12,210 django.utils.autoreload 637 INFO     Watching for file changes with StatReloader
2022-02-18 23:03:21,367 django.request 230 ERROR    Internal Server Error: /demo/init
Traceback (most recent call last):
  File "F:\Python3.6\lib\site-packages\django\core\handlers\exception.py", line 47, in inner
    response = get_response(request)
  File "F:\Python3.6\lib\site-packages\django\core\handlers\base.py", line 181, in _get_response
    response = wrapped_callback(request, *callback_args, **callback_kwargs)
  File "C:\Users\Administrator\PycharmProjects\envelope\demo\views.py", line 99, in init_view
    w.redis_init()
  File "C:\Users\Administrator\PycharmProjects\envelope\demo\init.py", line 36, in redis_init
    for amount in generate_envelope.envelope_list(settings.MAXAMOUNT, settings.MAXENVELOPECOUNT):
NameError: name 'generate_envelope' is not defined
2022-02-18 23:03:59,563 django.utils.autoreload 637 INFO     Watching for file changes with StatReloader
2022-02-18 23:04:14,735 demo.views   22 INFO     ÇÀºì°ü-->u_199
2022-02-18 23:04:14,759 django.request 230 ERROR    Internal Server Error: /demo/snatch
Traceback (most recent call last):
  File "F:\Python3.6\lib\site-packages\django\core\handlers\exception.py", line 47, in inner
    response = get_response(request)
  File "F:\Python3.6\lib\site-packages\django\core\handlers\base.py", line 181, in _get_response
    response = wrapped_callback(request, *callback_args, **callback_kwargs)
  File "C:\Users\Administrator\PycharmProjects\envelope\demo\views.py", line 51, in snatch_view
    if cur_time < timestamp:
TypeError: '<' not supported between instances of 'float' and 'bytes'
2022-02-18 23:06:19,063 django.utils.autoreload 251 INFO     C:\Users\Administrator\PycharmProjects\envelope\envelope\settings.py changed, reloading.
2022-02-18 23:06:19,411 django.utils.autoreload 637 INFO     Watching for file changes with StatReloader
2022-02-18 23:06:24,139 demo.views   22 INFO     ÇÀºì°ü-->u_199
2022-02-18 23:07:11,532 demo.views   22 INFO     ÇÀºì°ü-->u_199
2022-02-18 23:07:12,388 demo.views   22 INFO     ÇÀºì°ü-->u_199
2022-02-18 23:07:12,997 demo.views   22 INFO     ÇÀºì°ü-->u_199
2022-02-18 23:07:13,593 demo.views   22 INFO     ÇÀºì°ü-->u_199
2022-02-18 23:07:13,614 django.request 230 ERROR    Internal Server Error: /demo/snatch
Traceback (most recent call last):
  File "F:\Python3.6\lib\site-packages\django\core\handlers\exception.py", line 47, in inner
    response = get_response(request)
  File "F:\Python3.6\lib\site-packages\django\core\handlers\base.py", line 181, in _get_response
    response = wrapped_callback(request, *callback_args, **callback_kwargs)
  File "C:\Users\Administrator\PycharmProjects\envelope\demo\views.py", line 51, in snatch_view
    if cur_time < timestamp:
TypeError: '<' not supported between instances of 'float' and 'str'
2022-02-18 23:07:14,203 demo.views   22 INFO     ÇÀºì°ü-->u_199
2022-02-18 23:07:51,147 django.utils.autoreload 251 INFO     C:\Users\Administrator\PycharmProjects\envelope\demo\views.py changed, reloading.
2022-02-18 23:07:51,496 django.utils.autoreload 637 INFO     Watching for file changes with StatReloader
2022-02-18 23:08:57,017 demo.views   22 INFO     ÇÀºì°ü-->u_199
2022-02-18 23:08:57,716 demo.views   22 INFO     ÇÀºì°ü-->u_199
2022-02-18 23:10:53,575 django.utils.autoreload 251 INFO     C:\Users\Administrator\PycharmProjects\envelope\envelope\settings.py changed, reloading.
2022-02-18 23:10:53,925 django.utils.autoreload 637 INFO     Watching for file changes with StatReloader
2022-02-18 23:10:54,314 demo.views   22 INFO     ÇÀºì°ü-->u_199
2022-02-18 23:10:55,147 demo.views   22 INFO     ÇÀºì°ü-->u_199
2022-02-18 23:10:55,826 demo.views   22 INFO     ÇÀºì°ü-->u_199
2022-02-18 23:10:56,326 demo.views   22 INFO     ÇÀºì°ü-->u_199
2022-02-18 23:10:56,859 demo.views   22 INFO     ÇÀºì°ü-->u_199
2022-02-18 23:11:01,219 demo.views   22 INFO     ÇÀºì°ü-->u_199
2022-02-18 23:15:19,077 django.utils.autoreload 637 INFO     Watching for file changes with StatReloader
2022-02-18 23:16:02,953 django.utils.autoreload 251 INFO     C:\Users\Administrator\PycharmProjects\envelope\demo\views.py changed, reloading.
2022-02-18 23:16:03,323 django.utils.autoreload 637 INFO     Watching for file changes with StatReloader
2022-02-18 23:16:40,095 django.utils.autoreload 251 INFO     C:\Users\Administrator\PycharmProjects\envelope\demo\views.py changed, reloading.
2022-02-18 23:16:40,441 django.utils.autoreload 637 INFO     Watching for file changes with StatReloader
2022-02-18 23:17:01,957 django.utils.autoreload 251 INFO     C:\Users\Administrator\PycharmProjects\envelope\demo\views.py changed, reloading.
2022-02-18 23:17:02,298 django.utils.autoreload 637 INFO     Watching for file changes with StatReloader
2022-02-18 23:17:24,827 django.utils.autoreload 251 INFO     C:\Users\Administrator\PycharmProjects\envelope\demo\views.py changed, reloading.
2022-02-18 23:17:25,175 django.utils.autoreload 637 INFO     Watching for file changes with StatReloader
2022-02-18 23:18:45,640 django.utils.autoreload 251 INFO     C:\Users\Administrator\PycharmProjects\envelope\demo\views.py changed, reloading.
2022-02-18 23:18:45,980 django.utils.autoreload 637 INFO     Watching for file changes with StatReloader
2022-02-18 23:19:57,292 django.utils.autoreload 251 INFO     C:\Users\Administrator\PycharmProjects\envelope\demo\views.py changed, reloading.
2022-02-18 23:19:57,647 django.utils.autoreload 637 INFO     Watching for file changes with StatReloader
2022-02-18 23:20:09,015 django.utils.autoreload 251 INFO     C:\Users\Administrator\PycharmProjects\envelope\demo\views.py changed, reloading.
2022-02-18 23:20:09,351 django.utils.autoreload 637 INFO     Watching for file changes with StatReloader
2022-02-18 23:20:16,637 django.utils.autoreload 251 INFO     C:\Users\Administrator\PycharmProjects\envelope\demo\views.py changed, reloading.
2022-02-18 23:20:16,972 django.utils.autoreload 637 INFO     Watching for file changes with StatReloader
2022-02-18 23:21:46,587 django.utils.autoreload 251 INFO     C:\Users\Administrator\PycharmProjects\envelope\demo\views.py changed, reloading.
2022-02-18 23:21:46,937 django.utils.autoreload 637 INFO     Watching for file changes with StatReloader
2022-02-18 23:24:27,620 django.utils.autoreload 251 INFO     C:\Users\Administrator\PycharmProjects\envelope\demo\views.py changed, reloading.
2022-02-18 23:24:27,958 django.utils.autoreload 637 INFO     Watching for file changes with StatReloader
2022-02-18 23:25:49,374 django.utils.autoreload 251 INFO     C:\Users\Administrator\PycharmProjects\envelope\demo\views.py changed, reloading.
2022-02-18 23:25:49,725 django.utils.autoreload 637 INFO     Watching for file changes with StatReloader
2022-02-18 23:27:10,118 django.utils.autoreload 251 INFO     C:\Users\Administrator\PycharmProjects\envelope\demo\views.py changed, reloading.
2022-02-18 23:27:10,457 django.utils.autoreload 637 INFO     Watching for file changes with StatReloader
2022-02-18 23:28:21,745 django.utils.autoreload 251 INFO     C:\Users\Administrator\PycharmProjects\envelope\demo\views.py changed, reloading.
2022-02-18 23:28:22,100 django.utils.autoreload 637 INFO     Watching for file changes with StatReloader
2022-02-18 23:29:28,292 django.utils.autoreload 251 INFO     C:\Users\Administrator\PycharmProjects\envelope\demo\views.py changed, reloading.
2022-02-18 23:29:28,640 django.utils.autoreload 637 INFO     Watching for file changes with StatReloader
2022-02-18 23:33:22,455 django.utils.autoreload 251 INFO     C:\Users\Administrator\PycharmProjects\envelope\demo\views.py changed, reloading.
2022-02-18 23:33:22,807 django.utils.autoreload 637 INFO     Watching for file changes with StatReloader
2022-02-18 23:41:10,264 django.utils.autoreload 251 INFO     C:\Users\Administrator\PycharmProjects\envelope\demo\views.py changed, reloading.
2022-02-18 23:41:10,615 django.utils.autoreload 637 INFO     Watching for file changes with StatReloader
2022-02-18 23:43:14,746 django.utils.autoreload 251 INFO     C:\Users\Administrator\PycharmProjects\envelope\demo\views.py changed, reloading.
2022-02-18 23:43:15,092 django.utils.autoreload 637 INFO     Watching for file changes with StatReloader
2022-02-18 23:43:35,539 django.utils.autoreload 251 INFO     C:\Users\Administrator\PycharmProjects\envelope\demo\views.py changed, reloading.
2022-02-18 23:43:35,880 django.utils.autoreload 637 INFO     Watching for file changes with StatReloader
2022-02-18 23:43:37,106 django.utils.autoreload 251 INFO     C:\Users\Administrator\PycharmProjects\envelope\demo\views.py changed, reloading.
2022-02-18 23:43:37,448 django.utils.autoreload 637 INFO     Watching for file changes with StatReloader
2022-02-18 23:44:09,122 django.utils.autoreload 251 INFO     C:\Users\Administrator\PycharmProjects\envelope\demo\views.py changed, reloading.
2022-02-18 23:44:09,482 django.utils.autoreload 637 INFO     Watching for file changes with StatReloader
2022-02-18 23:44:25,924 django.utils.autoreload 251 INFO     C:\Users\Administrator\PycharmProjects\envelope\demo\views.py changed, reloading.
2022-02-18 23:44:26,273 django.utils.autoreload 637 INFO     Watching for file changes with StatReloader
2022-02-18 23:44:47,795 django.utils.autoreload 251 INFO     C:\Users\Administrator\PycharmProjects\envelope\demo\views.py changed, reloading.
2022-02-18 23:44:48,143 django.utils.autoreload 637 INFO     Watching for file changes with StatReloader
2022-02-18 23:46:27,814 django.utils.autoreload 251 INFO     C:\Users\Administrator\PycharmProjects\envelope\demo\views.py changed, reloading.
2022-02-18 23:46:28,177 django.utils.autoreload 637 INFO     Watching for file changes with StatReloader
2022-02-18 23:47:00,860 django.utils.autoreload 251 INFO     C:\Users\Administrator\PycharmProjects\envelope\demo\views.py changed, reloading.
2022-02-18 23:47:01,213 django.utils.autoreload 637 INFO     Watching for file changes with StatReloader
2022-02-18 23:47:13,571 django.utils.autoreload 251 INFO     C:\Users\Administrator\PycharmProjects\envelope\demo\views.py changed, reloading.
2022-02-18 23:47:13,915 django.utils.autoreload 637 INFO     Watching for file changes with StatReloader
2022-02-18 23:47:21,215 django.utils.autoreload 251 INFO     C:\Users\Administrator\PycharmProjects\envelope\demo\views.py changed, reloading.
2022-02-18 23:47:21,568 django.utils.autoreload 637 INFO     Watching for file changes with StatReloader
2022-02-18 23:47:35,920 django.utils.autoreload 251 INFO     C:\Users\Administrator\PycharmProjects\envelope\demo\views.py changed, reloading.
2022-02-18 23:47:36,260 django.utils.autoreload 637 INFO     Watching for file changes with StatReloader
2022-02-18 23:48:38,133 demo.views   23 INFO     ÇÀºì°ü-->uid:199
2022-02-18 23:48:44,360 demo.views   23 INFO     ÇÀºì°ü-->uid:199
2022-02-18 23:48:45,258 demo.views   23 INFO     ÇÀºì°ü-->uid:199
2022-02-18 23:48:46,108 demo.views   23 INFO     ÇÀºì°ü-->uid:199
2022-02-18 23:48:47,934 demo.views   23 INFO     ÇÀºì°ü-->uid:199
2022-02-18 23:48:49,750 demo.views   23 INFO     ÇÀºì°ü-->uid:199
2022-02-18 23:48:50,506 demo.views   23 INFO     ÇÀºì°ü-->uid:199
2022-02-18 23:48:51,720 demo.views   23 INFO     ÇÀºì°ü-->uid:199
2022-02-18 23:49:24,356 django.request 230 ERROR    Internal Server Error: /demo/open
Traceback (most recent call last):
  File "F:\Python3.6\lib\site-packages\django\core\handlers\exception.py", line 47, in inner
    response = get_response(request)
  File "F:\Python3.6\lib\site-packages\django\core\handlers\base.py", line 181, in _get_response
    response = wrapped_callback(request, *callback_args, **callback_kwargs)
  File "C:\Users\Administrator\PycharmProjects\envelope\demo\views.py", line 93, in open_view
    envelope_id = received_json_data['envelope_id']
KeyError: 'envelope_id'
2022-02-18 23:50:19,326 django.request 230 ERROR    Internal Server Error: /demo/open
Traceback (most recent call last):
  File "F:\Python3.6\lib\site-packages\django\core\handlers\exception.py", line 47, in inner
    response = get_response(request)
  File "F:\Python3.6\lib\site-packages\django\core\handlers\base.py", line 181, in _get_response
    response = wrapped_callback(request, *callback_args, **callback_kwargs)
  File "C:\Users\Administrator\PycharmProjects\envelope\demo\views.py", line 94, in open_view
    logger.info("²ðºì°ü-->uid:%d envelope_id:%d " % (uid) % (envelope_id))
TypeError: not enough arguments for format string
2022-02-18 23:51:08,938 django.utils.autoreload 251 INFO     C:\Users\Administrator\PycharmProjects\envelope\demo\views.py changed, reloading.
2022-02-18 23:51:09,298 django.utils.autoreload 637 INFO     Watching for file changes with StatReloader
2022-02-18 23:51:10,294 demo.views   94 INFO     ²ðºì°ü-->uid:199 envelope_id:1 
2022-02-18 23:51:18,768 demo.views   94 INFO     ²ðºì°ü-->uid:199 envelope_id:2 
2022-02-18 23:51:21,751 demo.views   94 INFO     ²ðºì°ü-->uid:199 envelope_id:3 
2022-02-18 23:52:25,650 django.utils.autoreload 251 INFO     C:\Users\Administrator\PycharmProjects\envelope\demo\views.py changed, reloading.
2022-02-18 23:52:25,986 django.utils.autoreload 637 INFO     Watching for file changes with StatReloader
2022-02-18 23:52:41,680 django.request 230 WARNING  Not Found: /demo/sntch
2022-02-18 23:52:48,064 demo.views   23 INFO     ÇÀºì°ü-->uid:199
2022-02-18 23:52:49,186 demo.views   23 INFO     ÇÀºì°ü-->uid:199
2022-02-18 23:52:49,952 demo.views   23 INFO     ÇÀºì°ü-->uid:199
2022-02-18 23:52:50,566 demo.views   23 INFO     ÇÀºì°ü-->uid:199
2022-02-18 23:52:51,250 demo.views   23 INFO     ÇÀºì°ü-->uid:199
2022-02-18 23:52:51,882 demo.views   23 INFO     ÇÀºì°ü-->uid:199
2022-02-18 23:52:52,841 demo.views   23 INFO     ÇÀºì°ü-->uid:199
2022-02-18 23:52:53,513 demo.views   23 INFO     ÇÀºì°ü-->uid:199
2022-02-18 23:52:54,147 demo.views   23 INFO     ÇÀºì°ü-->uid:199
2022-02-18 23:52:57,436 demo.views   23 INFO     ÇÀºì°ü-->uid:199
2022-02-18 23:52:58,314 demo.views   23 INFO     ÇÀºì°ü-->uid:199
2022-02-18 23:52:58,857 demo.views   23 INFO     ÇÀºì°ü-->uid:199
2022-02-18 23:52:59,528 demo.views   23 INFO     ÇÀºì°ü-->uid:199
2022-02-18 23:53:00,219 demo.views   23 INFO     ÇÀºì°ü-->uid:199
2022-02-18 23:53:00,741 demo.views   23 INFO     ÇÀºì°ü-->uid:199
2022-02-18 23:53:01,281 demo.views   23 INFO     ÇÀºì°ü-->uid:199
2022-02-18 23:53:10,519 demo.views   94 INFO     ²ðºì°ü-->uid:199 envelope_id:3 
2022-02-18 23:53:15,705 demo.views   94 INFO     ²ðºì°ü-->uid:199 envelope_id:1 
2022-02-18 23:55:26,104 django.utils.autoreload 251 INFO     C:\Users\Administrator\PycharmProjects\envelope\demo\views.py changed, reloading.
2022-02-18 23:55:26,475 django.utils.autoreload 637 INFO     Watching for file changes with StatReloader
2022-02-18 23:55:28,736 demo.views   94 INFO     ²ðºì°ü-->uid:199 envelope_id:1 
2022-02-18 23:55:44,796 demo.views   94 INFO     ²ðºì°ü-->uid:199 envelope_id:2 
2022-02-18 23:55:47,532 demo.views   94 INFO     ²ðºì°ü-->uid:199 envelope_id:3 
2022-02-19 00:02:13,019 django.utils.autoreload 251 INFO     C:\Users\Administrator\PycharmProjects\envelope\demo\views.py changed, reloading.
2022-02-19 00:02:13,373 django.utils.autoreload 637 INFO     Watching for file changes with StatReloader
2022-02-19 00:02:18,632 django.utils.autoreload 251 INFO     C:\Users\Administrator\PycharmProjects\envelope\demo\views.py changed, reloading.
2022-02-19 00:02:18,982 django.utils.autoreload 637 INFO     Watching for file changes with StatReloader
2022-02-19 00:02:29,328 django.utils.autoreload 251 INFO     C:\Users\Administrator\PycharmProjects\envelope\demo\views.py changed, reloading.
2022-02-19 00:02:29,670 django.utils.autoreload 637 INFO     Watching for file changes with StatReloader
2022-02-19 00:02:43,057 django.utils.autoreload 251 INFO     C:\Users\Administrator\PycharmProjects\envelope\demo\views.py changed, reloading.
2022-02-19 00:02:43,401 django.utils.autoreload 637 INFO     Watching for file changes with StatReloader
2022-02-19 00:04:21,108 django.utils.autoreload 251 INFO     C:\Users\Administrator\PycharmProjects\envelope\demo\views.py changed, reloading.
2022-02-19 00:04:21,452 django.utils.autoreload 637 INFO     Watching for file changes with StatReloader
2022-02-19 00:05:12,504 django.utils.autoreload 251 INFO     C:\Users\Administrator\PycharmProjects\envelope\demo\views.py changed, reloading.
2022-02-19 00:05:12,843 django.utils.autoreload 637 INFO     Watching for file changes with StatReloader
2022-02-19 00:05:17,062 django.utils.autoreload 251 INFO     C:\Users\Administrator\PycharmProjects\envelope\demo\views.py changed, reloading.
2022-02-19 00:05:17,402 django.utils.autoreload 637 INFO     Watching for file changes with StatReloader
2022-02-19 00:05:55,121 django.utils.autoreload 251 INFO     C:\Users\Administrator\PycharmProjects\envelope\demo\views.py changed, reloading.
2022-02-19 00:05:55,463 django.utils.autoreload 637 INFO     Watching for file changes with StatReloader
2022-02-19 00:06:51,481 django.utils.autoreload 251 INFO     C:\Users\Administrator\PycharmProjects\envelope\demo\views.py changed, reloading.
2022-02-19 00:06:51,826 django.utils.autoreload 637 INFO     Watching for file changes with StatReloader
2022-02-19 00:07:24,535 django.utils.autoreload 251 INFO     C:\Users\Administrator\PycharmProjects\envelope\demo\views.py changed, reloading.
2022-02-19 00:07:24,885 django.utils.autoreload 637 INFO     Watching for file changes with StatReloader
2022-02-19 00:08:03,651 django.utils.autoreload 251 INFO     C:\Users\Administrator\PycharmProjects\envelope\demo\views.py changed, reloading.
2022-02-19 00:08:03,993 django.utils.autoreload 637 INFO     Watching for file changes with StatReloader
2022-02-19 00:08:46,830 django.utils.autoreload 251 INFO     C:\Users\Administrator\PycharmProjects\envelope\demo\views.py changed, reloading.
2022-02-19 00:08:47,183 django.utils.autoreload 637 INFO     Watching for file changes with StatReloader
2022-02-19 00:09:52,386 django.utils.autoreload 251 INFO     C:\Users\Administrator\PycharmProjects\envelope\demo\views.py changed, reloading.
2022-02-19 00:09:52,735 django.utils.autoreload 637 INFO     Watching for file changes with StatReloader
2022-02-19 00:10:10,215 django.utils.autoreload 251 INFO     C:\Users\Administrator\PycharmProjects\envelope\demo\views.py changed, reloading.
2022-02-19 00:10:10,551 django.utils.autoreload 637 INFO     Watching for file changes with StatReloader
2022-02-19 00:10:24,969 django.utils.autoreload 251 INFO     C:\Users\Administrator\PycharmProjects\envelope\demo\views.py changed, reloading.
2022-02-19 00:10:25,306 django.utils.autoreload 637 INFO     Watching for file changes with StatReloader
2022-02-19 00:10:35,679 django.utils.autoreload 251 INFO     C:\Users\Administrator\PycharmProjects\envelope\demo\views.py changed, reloading.
2022-02-19 00:10:36,026 django.utils.autoreload 637 INFO     Watching for file changes with StatReloader
2022-02-19 00:11:11,773 django.utils.autoreload 251 INFO     C:\Users\Administrator\PycharmProjects\envelope\demo\views.py changed, reloading.
2022-02-19 00:11:12,116 django.utils.autoreload 637 INFO     Watching for file changes with StatReloader
2022-02-19 00:11:16,363 django.utils.autoreload 251 INFO     C:\Users\Administrator\PycharmProjects\envelope\demo\views.py changed, reloading.
2022-02-19 00:11:16,705 django.utils.autoreload 637 INFO     Watching for file changes with StatReloader
2022-02-19 00:12:13,717 django.utils.autoreload 251 INFO     C:\Users\Administrator\PycharmProjects\envelope\demo\views.py changed, reloading.
2022-02-19 00:12:14,061 django.utils.autoreload 637 INFO     Watching for file changes with StatReloader
2022-02-19 00:12:41,624 django.utils.autoreload 251 INFO     C:\Users\Administrator\PycharmProjects\envelope\demo\views.py changed, reloading.
2022-02-19 00:12:41,979 django.utils.autoreload 637 INFO     Watching for file changes with StatReloader
2022-02-19 00:13:17,686 django.utils.autoreload 251 INFO     C:\Users\Administrator\PycharmProjects\envelope\demo\views.py changed, reloading.
2022-02-19 00:13:18,024 django.utils.autoreload 637 INFO     Watching for file changes with StatReloader
2022-02-19 00:13:30,346 django.utils.autoreload 251 INFO     C:\Users\Administrator\PycharmProjects\envelope\demo\views.py changed, reloading.
2022-02-19 00:13:30,684 django.utils.autoreload 637 INFO     Watching for file changes with StatReloader
2022-02-19 00:13:44,065 django.utils.autoreload 251 INFO     C:\Users\Administrator\PycharmProjects\envelope\demo\views.py changed, reloading.
2022-02-19 00:13:44,405 django.utils.autoreload 637 INFO     Watching for file changes with StatReloader
2022-02-19 00:13:58,808 django.utils.autoreload 251 INFO     C:\Users\Administrator\PycharmProjects\envelope\demo\views.py changed, reloading.
2022-02-19 00:13:59,158 django.utils.autoreload 637 INFO     Watching for file changes with StatReloader
2022-02-19 00:14:12,546 django.utils.autoreload 251 INFO     C:\Users\Administrator\PycharmProjects\envelope\demo\views.py changed, reloading.
2022-02-19 00:14:12,889 django.utils.autoreload 637 INFO     Watching for file changes with StatReloader
2022-02-19 00:14:23,208 django.utils.autoreload 251 INFO     C:\Users\Administrator\PycharmProjects\envelope\demo\views.py changed, reloading.
2022-02-19 00:14:23,565 django.utils.autoreload 637 INFO     Watching for file changes with StatReloader
2022-02-19 00:14:26,747 django.utils.autoreload 251 INFO     C:\Users\Administrator\PycharmProjects\envelope\demo\views.py changed, reloading.
2022-02-19 00:14:27,091 django.utils.autoreload 637 INFO     Watching for file changes with StatReloader
2022-02-19 00:14:45,523 django.utils.autoreload 251 INFO     C:\Users\Administrator\PycharmProjects\envelope\demo\views.py changed, reloading.
2022-02-19 00:14:45,866 django.utils.autoreload 637 INFO     Watching for file changes with StatReloader
2022-02-19 00:15:03,292 django.utils.autoreload 251 INFO     C:\Users\Administrator\PycharmProjects\envelope\demo\views.py changed, reloading.
2022-02-19 00:15:03,649 django.utils.autoreload 637 INFO     Watching for file changes with StatReloader
2022-02-19 00:15:07,839 django.utils.autoreload 251 INFO     C:\Users\Administrator\PycharmProjects\envelope\demo\views.py changed, reloading.
2022-02-19 00:15:08,176 django.utils.autoreload 637 INFO     Watching for file changes with StatReloader
2022-02-19 00:15:23,566 django.utils.autoreload 251 INFO     C:\Users\Administrator\PycharmProjects\envelope\demo\views.py changed, reloading.
2022-02-19 00:15:23,923 django.utils.autoreload 637 INFO     Watching for file changes with StatReloader
2022-02-19 00:15:38,315 django.utils.autoreload 251 INFO     C:\Users\Administrator\PycharmProjects\envelope\demo\views.py changed, reloading.
2022-02-19 00:15:38,664 django.utils.autoreload 637 INFO     Watching for file changes with StatReloader
2022-02-19 00:15:52,008 django.utils.autoreload 251 INFO     C:\Users\Administrator\PycharmProjects\envelope\demo\views.py changed, reloading.
2022-02-19 00:15:52,354 django.utils.autoreload 637 INFO     Watching for file changes with StatReloader
2022-02-19 00:15:58,585 django.utils.autoreload 251 INFO     C:\Users\Administrator\PycharmProjects\envelope\demo\views.py changed, reloading.
2022-02-19 00:15:58,924 django.utils.autoreload 637 INFO     Watching for file changes with StatReloader
2022-02-19 00:16:08,244 django.utils.autoreload 251 INFO     C:\Users\Administrator\PycharmProjects\envelope\demo\views.py changed, reloading.
2022-02-19 00:16:08,579 django.utils.autoreload 637 INFO     Watching for file changes with StatReloader
2022-02-19 00:16:51,429 django.utils.autoreload 251 INFO     C:\Users\Administrator\PycharmProjects\envelope\demo\views.py changed, reloading.
2022-02-19 00:16:51,771 django.utils.autoreload 637 INFO     Watching for file changes with StatReloader
2022-02-19 00:16:58,060 django.utils.autoreload 251 INFO     C:\Users\Administrator\PycharmProjects\envelope\demo\views.py changed, reloading.
2022-02-19 00:16:58,406 django.utils.autoreload 637 INFO     Watching for file changes with StatReloader
2022-02-19 00:17:04,661 django.utils.autoreload 251 INFO     C:\Users\Administrator\PycharmProjects\envelope\demo\views.py changed, reloading.
2022-02-19 00:17:05,003 django.utils.autoreload 637 INFO     Watching for file changes with StatReloader
2022-02-19 00:17:06,201 django.utils.autoreload 251 INFO     C:\Users\Administrator\PycharmProjects\envelope\demo\views.py changed, reloading.
2022-02-19 00:17:06,552 django.utils.autoreload 637 INFO     Watching for file changes with StatReloader
2022-02-19 00:17:11,846 django.utils.autoreload 251 INFO     C:\Users\Administrator\PycharmProjects\envelope\demo\views.py changed, reloading.
2022-02-19 00:17:12,191 django.utils.autoreload 637 INFO     Watching for file changes with StatReloader
2022-02-19 05:30:26,190 django.utils.autoreload 637 INFO     Watching for file changes with StatReloader
2022-02-19 05:32:45,841 django.request 230 WARNING  Not Found: /favicon.ico
2022-02-19 05:44:44,238 django.utils.autoreload 637 INFO     Watching for file changes with StatReloader
2022-02-19 05:45:27,602 demo.views   23 INFO     æŠ¢çº¢åŒ…-->uid:169
2022-02-19 05:45:33,133 demo.views   23 INFO     æŠ¢çº¢åŒ…-->uid:169
2022-02-19 05:45:34,826 demo.views   23 INFO     æŠ¢çº¢åŒ…-->uid:169
2022-02-19 05:45:36,194 demo.views   23 INFO     æŠ¢çº¢åŒ…-->uid:169
2022-02-19 05:45:37,293 demo.views   23 INFO     æŠ¢çº¢åŒ…-->uid:169
2022-02-19 05:45:38,292 demo.views   23 INFO     æŠ¢çº¢åŒ…-->uid:169
2022-02-19 05:45:39,294 demo.views   23 INFO     æŠ¢çº¢åŒ…-->uid:169
2022-02-19 05:45:42,376 demo.views   23 INFO     æŠ¢çº¢åŒ…-->uid:169
2022-02-19 05:45:44,099 demo.views   23 INFO     æŠ¢çº¢åŒ…-->uid:169
2022-02-19 05:45:45,123 demo.views   23 INFO     æŠ¢çº¢åŒ…-->uid:169
2022-02-19 05:45:46,033 demo.views   23 INFO     æŠ¢çº¢åŒ…-->uid:169
2022-02-19 05:45:46,891 demo.views   23 INFO     æŠ¢çº¢åŒ…-->uid:169
2022-02-19 05:45:47,708 demo.views   23 INFO     æŠ¢çº¢åŒ…-->uid:169
2022-02-19 06:20:31,299 django.utils.autoreload 637 INFO     Watching for file changes with StatReloader
2022-02-19 06:33:34,454 django.utils.autoreload 251 INFO     /home/shao/pythonProject/envelope/demo/views.py changed, reloading.
2022-02-19 06:33:35,159 django.utils.autoreload 637 INFO     Watching for file changes with StatReloader
2022-02-19 06:43:59,024 django.utils.autoreload 251 INFO     /home/shao/pythonProject/envelope/demo/views.py changed, reloading.
2022-02-19 06:43:59,645 django.utils.autoreload 637 INFO     Watching for file changes with StatReloader
2022-02-19 06:44:13,240 django.utils.autoreload 637 INFO     Watching for file changes with StatReloader
2022-02-19 06:44:40,450 django.utils.autoreload 637 INFO     Watching for file changes with StatReloader
2022-02-19 06:49:46,210 django.utils.autoreload 637 INFO     Watching for file changes with StatReloader
2022-02-19 06:50:01,225 django.utils.autoreload 637 INFO     Watching for file changes with StatReloader
2022-02-19 07:06:02,327 django.utils.autoreload 637 INFO     Watching for file changes with StatReloader
2022-02-19 07:06:19,503 demo.views   23 INFO     æŠ¢çº¢åŒ…-->uid:169
2022-02-19 07:06:19,624 django.request 230 ERROR    Internal Server Error: /demo/snatch
Traceback (most recent call last):
  File "/home/shao/pythonProject/envelope/venv/lib/python3.6/site-packages/django/core/handlers/exception.py", line 47, in inner
    response = get_response(request)
  File "/home/shao/pythonProject/envelope/venv/lib/python3.6/site-packages/django/core/handlers/base.py", line 181, in _get_response
    response = wrapped_callback(request, *callback_args, **callback_kwargs)
  File "/home/shao/pythonProject/envelope/demo/views.py", line 67, in snatch_view
    producer_snatch = p_snatch(msg)
  File "/home/shao/pythonProject/envelope/demo/producer.py", line 17, in __init__
    ret = self.producer.send_sync(msg)
  File "/home/shao/pythonProject/envelope/venv/lib/python3.6/site-packages/rocketmq/client.py", line 214, in send_sync
    ffi_check(dll.SendMessageSync(self._handle, msg, ctypes.pointer(cres)))
  File "/home/shao/pythonProject/envelope/venv/lib/python3.6/site-packages/rocketmq/exceptions.py", line 27, in ffi_check
    raise exc_cls(msg)
rocketmq.exceptions.ProducerSendSyncFailed: No route info of this topic: snatch,error:-1,in file rocketmq-client-cpp/src/producer/DefaultMQProducer.cpp line:379
2022-02-19 07:07:57,808 django.utils.autoreload 637 INFO     Watching for file changes with StatReloader
2022-02-19 07:08:03,791 demo.views   23 INFO     æŠ¢çº¢åŒ…-->uid:169
2022-02-19 07:08:05,430 demo.views   23 INFO     æŠ¢çº¢åŒ…-->uid:169
2022-02-19 07:08:06,527 demo.views   23 INFO     æŠ¢çº¢åŒ…-->uid:169
2022-02-19 07:08:06,636 django.request 230 ERROR    Internal Server Error: /demo/snatch
Traceback (most recent call last):
  File "/home/shao/pythonProject/envelope/venv/lib/python3.6/site-packages/django/core/handlers/exception.py", line 47, in inner
    response = get_response(request)
  File "/home/shao/pythonProject/envelope/venv/lib/python3.6/site-packages/django/core/handlers/base.py", line 181, in _get_response
    response = wrapped_callback(request, *callback_args, **callback_kwargs)
  File "/home/shao/pythonProject/envelope/demo/views.py", line 67, in snatch_view
    producer_snatch = p_snatch(msg)
  File "/home/shao/pythonProject/envelope/demo/producer.py", line 17, in __init__
    ret = self.producer.send_sync(msg)
  File "/home/shao/pythonProject/envelope/venv/lib/python3.6/site-packages/rocketmq/client.py", line 214, in send_sync
    ffi_check(dll.SendMessageSync(self._handle, msg, ctypes.pointer(cres)))
  File "/home/shao/pythonProject/envelope/venv/lib/python3.6/site-packages/rocketmq/exceptions.py", line 27, in ffi_check
    raise exc_cls(msg)
rocketmq.exceptions.ProducerSendSyncFailed: No route info of this topic: snatch,error:-1,in file rocketmq-client-cpp/src/producer/DefaultMQProducer.cpp line:379
2022-02-19 07:08:07,696 demo.views   23 INFO     æŠ¢çº¢åŒ…-->uid:169
2022-02-19 07:10:48,220 django.utils.autoreload 637 INFO     Watching for file changes with StatReloader
2022-02-19 07:10:57,944 demo.views   23 INFO     æŠ¢çº¢åŒ…-->uid:169
2022-02-19 07:10:58,218 demo.producer 18 INFO     SendResult(status=<SendStatus.OK: 0>, msg_id='0101007F00002BD9000090CBD1100100', offset=13)
2022-02-19 07:11:02,914 demo.views   23 INFO     æŠ¢çº¢åŒ…-->uid:169
2022-02-19 07:11:04,209 demo.views   23 INFO     æŠ¢çº¢åŒ…-->uid:169
2022-02-19 07:11:04,230 demo.producer 18 INFO     SendResult(status=<SendStatus.OK: 0>, msg_id='0101007F00002BD9000004E4D1100200', offset=14)
2022-02-19 07:11:05,847 demo.views   23 INFO     æŠ¢çº¢åŒ…-->uid:169
2022-02-19 07:11:05,874 demo.producer 18 INFO     SendResult(status=<SendStatus.OK: 0>, msg_id='0101007F00002BD900006FEAD1100300', offset=15)
2022-02-19 07:15:36,694 demo.views   23 INFO     æŠ¢çº¢åŒ…-->uid:199
2022-02-19 07:15:36,708 demo.producer 18 INFO     SendResult(status=<SendStatus.OK: 0>, msg_id='0101007F00002BD90000670CD6100400', offset=16)
2022-02-19 07:15:38,889 demo.views   23 INFO     æŠ¢çº¢åŒ…-->uid:199
2022-02-19 07:15:40,362 demo.views   23 INFO     æŠ¢çº¢åŒ…-->uid:199
2022-02-19 07:15:41,622 demo.views   23 INFO     æŠ¢çº¢åŒ…-->uid:199
2022-02-19 07:15:42,695 demo.views   23 INFO     æŠ¢çº¢åŒ…-->uid:199
2022-02-19 07:15:42,722 demo.producer 18 INFO     SendResult(status=<SendStatus.OK: 0>, msg_id='0101007F00002BD90000E123D6100500', offset=17)
2022-02-19 07:15:44,114 demo.views   23 INFO     æŠ¢çº¢åŒ…-->uid:199
2022-02-19 07:15:45,180 demo.views   23 INFO     æŠ¢çº¢åŒ…-->uid:199
2022-02-19 07:15:46,263 demo.views   23 INFO     æŠ¢çº¢åŒ…-->uid:199
2022-02-19 07:15:47,213 demo.views   23 INFO     æŠ¢çº¢åŒ…-->uid:199
2022-02-19 07:15:48,261 demo.views   23 INFO     æŠ¢çº¢åŒ…-->uid:199
2022-02-19 07:15:49,187 demo.views   23 INFO     æŠ¢çº¢åŒ…-->uid:199
2022-02-19 07:15:49,200 demo.producer 18 INFO     SendResult(status=<SendStatus.OK: 0>, msg_id='0101007F00002BD90000353DD6100600', offset=18)
2022-02-19 07:17:24,947 demo.views   23 INFO     æŠ¢çº¢åŒ…-->uid:197
2022-02-19 07:17:24,961 demo.producer 18 INFO     SendResult(status=<SendStatus.OK: 0>, msg_id='0101007F00002BD9000045B3D7100700', offset=19)
2022-02-19 07:17:25,984 demo.views   23 INFO     æŠ¢çº¢åŒ…-->uid:197
2022-02-19 07:17:26,001 demo.producer 18 INFO     SendResult(status=<SendStatus.OK: 0>, msg_id='0101007F00002BD9000054B7D7100800', offset=20)
2022-02-19 07:17:26,922 demo.views   23 INFO     æŠ¢çº¢åŒ…-->uid:197
2022-02-19 07:18:59,532 demo.views   23 INFO     æŠ¢çº¢åŒ…-->uid:192
2022-02-19 07:19:00,757 demo.views   23 INFO     æŠ¢çº¢åŒ…-->uid:192
2022-02-19 07:19:00,772 demo.producer 18 INFO     SendResult(status=<SendStatus.OK: 0>, msg_id='0101007F00002BD900008829D9100900', offset=21)
2022-02-19 07:19:03,777 demo.views   23 INFO     æŠ¢çº¢åŒ…-->uid:192
2022-02-19 07:19:03,788 demo.producer 18 INFO     SendResult(status=<SendStatus.OK: 0>, msg_id='0101007F00002BD900005035D9100A00', offset=22)
2022-02-19 07:23:43,891 django.utils.autoreload 637 INFO     Watching for file changes with StatReloader
2022-02-19 07:24:13,369 demo.views   23 INFO     æŠ¢çº¢åŒ…-->uid:192
2022-02-19 07:24:14,936 demo.views   23 INFO     æŠ¢çº¢åŒ…-->uid:192
2022-02-19 07:24:14,969 demo.producer 18 INFO     SendResult(status=<SendStatus.OK: 0>, msg_id='0101007F0000FA130000D0F4DD100100', offset=23)
2022-02-19 07:29:21,304 django.utils.autoreload 251 INFO     /home/shao/pythonProject/envelope/demo/producer.py changed, reloading.
2022-02-19 07:29:21,958 django.utils.autoreload 637 INFO     Watching for file changes with StatReloader
2022-02-19 07:29:53,932 django.utils.autoreload 637 INFO     Watching for file changes with StatReloader
2022-02-19 07:30:08,866 demo.views   23 INFO     æŠ¢çº¢åŒ…-->uid:192
2022-02-19 07:30:08,894 demo.producer 18 INFO     SendResult(status=<SendStatus.OK: 0>, msg_id='0101007F0000741800005D5BE3100100', offset=0)
2022-02-19 07:30:49,429 django.utils.autoreload 637 INFO     Watching for file changes with StatReloader
2022-02-19 07:30:55,431 demo.views   23 INFO     æŠ¢çº¢åŒ…-->uid:192
2022-02-19 07:30:56,792 demo.views   23 INFO     æŠ¢çº¢åŒ…-->uid:192
2022-02-19 07:30:57,767 demo.views   23 INFO     æŠ¢çº¢åŒ…-->uid:192
2022-02-19 07:30:57,783 demo.producer 18 INFO     SendResult(status=<SendStatus.OK: 0>, msg_id='0101007F0000117200005B1AE4100100', offset=1)
2022-02-19 09:44:57,573 demo.views   23 INFO     æŠ¢çº¢åŒ…-->uid:191
2022-02-19 09:44:57,585 demo.producer 18 INFO     SendResult(status=<SendStatus.OK: 0>, msg_id='0101007F000011720000D5C75E110200', offset=7)
2022-02-19 09:51:47,192 django.utils.autoreload 251 INFO     /home/shao/pythonProject/envelope/demo/producer.py changed, reloading.
2022-02-19 09:51:47,817 django.utils.autoreload 637 INFO     Watching for file changes with StatReloader
2022-02-19 09:52:17,046 demo.views   23 INFO     æŠ¢çº¢åŒ…-->uid:191
2022-02-19 09:52:19,114 demo.views   23 INFO     æŠ¢çº¢åŒ…-->uid:191
2022-02-19 09:52:19,123 demo.producer 18 INFO     SendResult(status=<SendStatus.OK: 0>, msg_id='0101007F00000E930000998465110100', offset=24)
2022-02-19 09:54:48,396 django.utils.autoreload 251 INFO     /home/shao/pythonProject/envelope/demo/views.py changed, reloading.
2022-02-19 09:54:49,032 django.utils.autoreload 637 INFO     Watching for file changes with StatReloader
2022-02-19 09:54:57,416 demo.views   24 INFO     æŠ¢çº¢åŒ…-->uid:191
2022-02-19 09:54:58,800 demo.views   24 INFO     æŠ¢çº¢åŒ…-->uid:191
2022-02-19 09:54:59,933 demo.views   24 INFO     æŠ¢çº¢åŒ…-->uid:191
2022-02-19 09:55:00,890 demo.views   24 INFO     æŠ¢çº¢åŒ…-->uid:191
2022-02-19 09:55:01,895 demo.views   24 INFO     æŠ¢çº¢åŒ…-->uid:191
2022-02-19 09:55:01,905 demo.producer 18 INFO     SendResult(status=<SendStatus.OK: 0>, msg_id='0101007F0000A1480000760068110100', offset=25)
2022-02-19 09:56:09,383 demo.views   24 INFO     æŠ¢çº¢åŒ…-->uid:190
2022-02-19 09:56:10,556 demo.views   24 INFO     æŠ¢çº¢åŒ…-->uid:190
2022-02-19 09:56:11,498 demo.views   24 INFO     æŠ¢çº¢åŒ…-->uid:190
2022-02-19 09:56:12,485 demo.views   24 INFO     æŠ¢çº¢åŒ…-->uid:190
2022-02-19 09:56:13,462 demo.views   24 INFO     æŠ¢çº¢åŒ…-->uid:190
2022-02-19 09:56:14,393 demo.views   24 INFO     æŠ¢çº¢åŒ…-->uid:190
2022-02-19 09:56:14,402 demo.producer 18 INFO     SendResult(status=<SendStatus.OK: 0>, msg_id='0101007F0000A1480000A81B69110200', offset=26)
2022-02-19 10:31:36,124 django.utils.autoreload 251 INFO     /home/shao/pythonProject/envelope/demo/views.py changed, reloading.
2022-02-19 10:31:36,810 django.utils.autoreload 637 INFO     Watching for file changes with StatReloader
2022-02-19 10:37:10,595 django.utils.autoreload 251 INFO     /home/shao/pythonProject/envelope/demo/views.py changed, reloading.
2022-02-19 10:37:11,308 django.utils.autoreload 637 INFO     Watching for file changes with StatReloader
2022-02-19 10:46:16,764 demo.views   99 INFO     æ‹†çº¢åŒ…-->uid:190 envelope_id:7 
2022-02-19 10:49:27,069 demo.views   99 INFO     æ‹†çº¢åŒ…-->uid:190 envelope_id:7 
2022-02-19 10:50:13,782 django.utils.autoreload 251 INFO     /home/shao/pythonProject/envelope/demo/views.py changed, reloading.
2022-02-19 10:50:14,477 django.utils.autoreload 637 INFO     Watching for file changes with StatReloader
2022-02-19 10:50:17,867 demo.views   99 INFO     æ‹†çº¢åŒ…-->uid:190 envelope_id:7 
2022-02-19 10:50:17,918 demo.producer 35 INFO     SendResult(status=<SendStatus.OK: 0>, msg_id='0101007F0000E3C600007E999A110100', offset=0)
2022-02-19 10:52:01,385 demo.views   24 INFO     æŠ¢çº¢åŒ…-->uid:200
2022-02-19 10:52:02,839 demo.views   24 INFO     æŠ¢çº¢åŒ…-->uid:200
2022-02-19 10:52:02,853 demo.producer 18 INFO     SendResult(status=<SendStatus.OK: 0>, msg_id='0101007F0000E3C6000086339C110200', offset=27)
2022-02-19 10:52:04,056 demo.views   24 INFO     æŠ¢çº¢åŒ…-->uid:200
2022-02-19 10:52:05,163 demo.views   24 INFO     æŠ¢çº¢åŒ…-->uid:200
2022-02-19 10:52:06,141 demo.views   24 INFO     æŠ¢çº¢åŒ…-->uid:200
2022-02-19 10:52:07,940 demo.views   24 INFO     æŠ¢çº¢åŒ…-->uid:200
2022-02-19 10:52:08,941 demo.views   24 INFO     æŠ¢çº¢åŒ…-->uid:200
2022-02-19 10:52:08,950 demo.producer 18 INFO     SendResult(status=<SendStatus.OK: 0>, msg_id='0101007F0000E3C600005C4B9C110300', offset=28)
2022-02-19 10:52:10,047 demo.views   24 INFO     æŠ¢çº¢åŒ…-->uid:200
2022-02-19 10:52:11,028 demo.views   24 INFO     æŠ¢çº¢åŒ…-->uid:200
2022-02-19 10:52:11,919 demo.views   24 INFO     æŠ¢çº¢åŒ…-->uid:200
2022-02-19 10:52:11,932 demo.producer 18 INFO     SendResult(status=<SendStatus.OK: 0>, msg_id='0101007F0000E3C6000000579C110400', offset=29)
2022-02-19 10:52:12,793 demo.views   24 INFO     æŠ¢çº¢åŒ…-->uid:200
2022-02-19 10:52:29,667 demo.views   99 INFO     æ‹†çº¢åŒ…-->uid:200 envelope_id:8 
2022-02-19 10:52:29,676 demo.producer 35 INFO     SendResult(status=<SendStatus.OK: 0>, msg_id='0101007F0000E3C60000509C9C110500', offset=1)
2022-02-19 10:53:40,405 demo.views   99 INFO     æ‹†çº¢åŒ…-->uid:200 envelope_id:8 
2022-02-19 10:53:46,273 demo.views   99 INFO     æ‹†çº¢åŒ…-->uid:200 envelope_id:9 
2022-02-19 10:53:46,281 demo.producer 35 INFO     SendResult(status=<SendStatus.OK: 0>, msg_id='0101007F0000E3C600008FC79D110600', offset=2)
2022-02-19 10:54:24,455 demo.views   99 INFO     æ‹†çº¢åŒ…-->uid:200 envelope_id:10 
2022-02-19 10:54:24,465 demo.producer 35 INFO     SendResult(status=<SendStatus.OK: 0>, msg_id='0101007F0000E3C60000B65C9E110700', offset=3)
2022-02-19 10:57:26,041 demo.views   24 INFO     æŠ¢çº¢åŒ…-->uid:200
2022-02-19 10:57:27,149 demo.views   24 INFO     æŠ¢çº¢åŒ…-->uid:200
2022-02-19 10:57:28,160 demo.views   24 INFO     æŠ¢çº¢åŒ…-->uid:200
2022-02-19 10:57:29,139 demo.views   24 INFO     æŠ¢çº¢åŒ…-->uid:200
2022-02-19 10:57:29,147 demo.producer 18 INFO     SendResult(status=<SendStatus.OK: 0>, msg_id='0101007F0000E3C60000212EA1110800', offset=30)
2022-02-19 10:57:30,308 demo.views   24 INFO     æŠ¢çº¢åŒ…-->uid:200
2022-02-19 10:57:30,315 demo.producer 18 INFO     SendResult(status=<SendStatus.OK: 0>, msg_id='0101007F0000E3C60000B132A1110900', offset=31)
2022-02-19 10:57:31,280 demo.views   24 INFO     æŠ¢çº¢åŒ…-->uid:200
2022-02-19 10:57:31,291 demo.producer 18 INFO     SendResult(status=<SendStatus.OK: 0>, msg_id='0101007F0000E3C600008136A1110A00', offset=32)
2022-02-19 10:57:37,069 demo.views   24 INFO     æŠ¢çº¢åŒ…-->uid:199
2022-02-19 10:57:37,962 demo.views   24 INFO     æŠ¢çº¢åŒ…-->uid:199
2022-02-19 10:57:38,918 demo.views   24 INFO     æŠ¢çº¢åŒ…-->uid:199
2022-02-19 10:57:38,927 demo.producer 18 INFO     SendResult(status=<SendStatus.OK: 0>, msg_id='0101007F0000E3C600005654A1110B00', offset=33)
2022-02-19 10:57:39,862 demo.views   24 INFO     æŠ¢çº¢åŒ…-->uid:199
2022-02-19 10:57:40,735 demo.views   24 INFO     æŠ¢çº¢åŒ…-->uid:199
2022-02-19 10:57:41,605 demo.views   24 INFO     æŠ¢çº¢åŒ…-->uid:199
2022-02-19 10:57:42,485 demo.views   24 INFO     æŠ¢çº¢åŒ…-->uid:199
2022-02-19 10:57:43,398 demo.views   24 INFO     æŠ¢çº¢åŒ…-->uid:199
2022-02-19 10:57:44,247 demo.views   24 INFO     æŠ¢çº¢åŒ…-->uid:199
2022-02-19 10:57:45,090 demo.views   24 INFO     æŠ¢çº¢åŒ…-->uid:199
2022-02-19 10:57:45,959 demo.views   24 INFO     æŠ¢çº¢åŒ…-->uid:199
2022-02-19 10:57:46,887 demo.views   24 INFO     æŠ¢çº¢åŒ…-->uid:199
2022-02-19 10:57:46,895 demo.producer 18 INFO     SendResult(status=<SendStatus.OK: 0>, msg_id='0101007F0000E3C600007573A1110C00', offset=34)
2022-02-19 10:57:47,757 demo.views   24 INFO     æŠ¢çº¢åŒ…-->uid:199
2022-02-19 10:57:47,764 demo.producer 18 INFO     SendResult(status=<SendStatus.OK: 0>, msg_id='0101007F0000E3C60000DA76A1110D00', offset=35)
2022-02-19 10:57:48,650 demo.views   24 INFO     æŠ¢çº¢åŒ…-->uid:199
2022-02-19 10:57:55,014 demo.views   24 INFO     æŠ¢çº¢åŒ…-->uid:198
2022-02-19 10:57:55,959 demo.views   24 INFO     æŠ¢çº¢åŒ…-->uid:198
2022-02-19 10:57:56,831 demo.views   24 INFO     æŠ¢çº¢åŒ…-->uid:198
2022-02-19 10:57:56,841 demo.producer 18 INFO     SendResult(status=<SendStatus.OK: 0>, msg_id='0101007F0000E3C600004F9AA1110E00', offset=36)
2022-02-19 10:57:57,673 demo.views   24 INFO     æŠ¢çº¢åŒ…-->uid:198
2022-02-19 10:57:57,682 demo.producer 18 INFO     SendResult(status=<SendStatus.OK: 0>, msg_id='0101007F0000E3C60000969DA1110F00', offset=37)
2022-02-19 10:57:58,488 demo.views   24 INFO     æŠ¢çº¢åŒ…-->uid:198
2022-02-19 10:57:59,550 demo.views   24 INFO     æŠ¢çº¢åŒ…-->uid:198
2022-02-19 10:58:00,503 demo.views   24 INFO     æŠ¢çº¢åŒ…-->uid:198
2022-02-19 10:58:01,476 demo.views   24 INFO     æŠ¢çº¢åŒ…-->uid:198
2022-02-19 10:58:02,396 demo.views   24 INFO     æŠ¢çº¢åŒ…-->uid:198
2022-02-19 10:58:02,406 demo.producer 18 INFO     SendResult(status=<SendStatus.OK: 0>, msg_id='0101007F0000E3C600000CB0A1111000', offset=38)
2022-02-19 10:58:08,933 demo.views   99 INFO     æ‹†çº¢åŒ…-->uid:200 envelope_id:1 
2022-02-19 10:58:08,941 demo.producer 35 INFO     SendResult(status=<SendStatus.OK: 0>, msg_id='0101007F0000E3C6000093C9A1111100', offset=4)
2022-02-19 10:58:13,433 demo.views   99 INFO     æ‹†çº¢åŒ…-->uid:200 envelope_id:2 
2022-02-19 10:58:13,443 demo.producer 35 INFO     SendResult(status=<SendStatus.OK: 0>, msg_id='0101007F0000E3C6000028DBA1111200', offset=5)
2022-02-19 10:58:25,329 demo.views   99 INFO     æ‹†çº¢åŒ…-->uid:199 envelope_id:4 
2022-02-19 10:58:25,337 demo.producer 35 INFO     SendResult(status=<SendStatus.OK: 0>, msg_id='0101007F0000E3C60000A009A2111300', offset=6)
2022-02-19 10:58:29,026 demo.views   99 INFO     æ‹†çº¢åŒ…-->uid:199 envelope_id:5 
2022-02-19 10:58:29,037 demo.producer 35 INFO     SendResult(status=<SendStatus.OK: 0>, msg_id='0101007F0000E3C600001318A2111400', offset=7)
2022-02-19 10:58:37,336 demo.views   99 INFO     æ‹†çº¢åŒ…-->uid:198 envelope_id:6 
2022-02-19 10:58:37,345 demo.producer 35 INFO     SendResult(status=<SendStatus.OK: 0>, msg_id='0101007F0000E3C600008638A2111500', offset=8)
2022-02-19 10:58:48,083 demo.views   99 INFO     æ‹†çº¢åŒ…-->uid:198 envelope_id:6 
2022-02-19 11:00:58,208 django.utils.autoreload 251 INFO     /home/shao/pythonProject/envelope/demo/views.py changed, reloading.
2022-02-19 11:00:58,850 django.utils.autoreload 637 INFO     Watching for file changes with StatReloader
2022-02-19 11:01:16,925 demo.views   24 INFO     æŠ¢çº¢åŒ…-->uid:200
2022-02-19 11:01:16,943 demo.producer 18 INFO     SendResult(status=<SendStatus.OK: 0>, msg_id='0101007F0000367D0000F4A7A4110100', offset=39)
2022-02-19 11:01:19,167 demo.views   24 INFO     æŠ¢çº¢åŒ…-->uid:200
2022-02-19 11:01:20,569 demo.views   24 INFO     æŠ¢çº¢åŒ…-->uid:200
2022-02-19 11:01:21,534 demo.views   24 INFO     æŠ¢çº¢åŒ…-->uid:200
2022-02-19 11:01:21,544 demo.producer 18 INFO     SendResult(status=<SendStatus.OK: 0>, msg_id='0101007F0000367D0000EDB9A4110200', offset=40)
2022-02-19 11:01:26,640 demo.views   24 INFO     æŠ¢çº¢åŒ…-->uid:199
2022-02-19 11:01:27,764 demo.views   24 INFO     æŠ¢çº¢åŒ…-->uid:199
2022-02-19 11:01:27,777 demo.producer 18 INFO     SendResult(status=<SendStatus.OK: 0>, msg_id='0101007F0000367D000045D2A4110300', offset=41)
2022-02-19 11:01:28,748 demo.views   24 INFO     æŠ¢çº¢åŒ…-->uid:199
2022-02-19 11:01:29,547 demo.views   24 INFO     æŠ¢çº¢åŒ…-->uid:199
2022-02-19 11:01:29,555 demo.producer 18 INFO     SendResult(status=<SendStatus.OK: 0>, msg_id='0101007F0000367D00003AD9A4110400', offset=42)
2022-02-19 11:01:42,388 demo.views   99 INFO     æ‹†çº¢åŒ…-->uid:200 envelope_id:1 
2022-02-19 11:03:09,830 django.utils.autoreload 251 INFO     /home/shao/pythonProject/envelope/demo/views.py changed, reloading.
2022-02-19 11:03:10,475 django.utils.autoreload 637 INFO     Watching for file changes with StatReloader
2022-02-19 11:03:13,428 demo.views   99 INFO     æ‹†çº¢åŒ…-->uid:200 envelope_id:1 
2022-02-19 11:03:13,441 demo.producer 35 INFO     SendResult(status=<SendStatus.OK: 0>, msg_id='0101007F00004D5E0000066FA6110100', offset=9)
2022-02-19 11:03:19,468 demo.views   99 INFO     æ‹†çº¢åŒ…-->uid:200 envelope_id:1 
2022-02-19 11:03:51,185 demo.views   99 INFO     æ‹†çº¢åŒ…-->uid:200 envelope_id:2 
2022-02-19 11:03:51,195 demo.producer 35 INFO     SendResult(status=<SendStatus.OK: 0>, msg_id='0101007F00004D5E00008002A7110200', offset=10)
2022-02-19 11:03:55,999 demo.views   99 INFO     æ‹†çº¢åŒ…-->uid:200 envelope_id:23 
2022-02-19 11:04:02,386 demo.views   99 INFO     æ‹†çº¢åŒ…-->uid:199 envelope_id:23 
2022-02-19 11:04:06,408 demo.views   99 INFO     æ‹†çº¢åŒ…-->uid:199 envelope_id:3 
2022-02-19 11:04:06,416 demo.producer 35 INFO     SendResult(status=<SendStatus.OK: 0>, msg_id='0101007F00004D5E0000F63DA7110300', offset=11)
2022-02-19 11:06:39,427 demo.views   24 INFO     æŠ¢çº¢åŒ…-->uid:199
2022-02-19 11:06:40,592 demo.views   24 INFO     æŠ¢çº¢åŒ…-->uid:199
2022-02-19 11:06:41,486 demo.views   24 INFO     æŠ¢çº¢åŒ…-->uid:199
2022-02-19 11:06:42,417 demo.views   24 INFO     æŠ¢çº¢åŒ…-->uid:199
2022-02-19 11:06:42,427 demo.producer 18 INFO     SendResult(status=<SendStatus.OK: 0>, msg_id='0101007F00004D5E0000609FA9110400', offset=43)
2022-02-19 11:06:45,368 demo.views   24 INFO     æŠ¢çº¢åŒ…-->uid:199
2022-02-19 11:06:46,561 demo.views   24 INFO     æŠ¢çº¢åŒ…-->uid:199
2022-02-19 11:06:46,569 demo.producer 18 INFO     SendResult(status=<SendStatus.OK: 0>, msg_id='0101007F00004D5E00008FAFA9110500', offset=44)
2022-02-19 11:06:53,339 demo.views   99 INFO     æ‹†çº¢åŒ…-->uid:199 envelope_id:1 
2022-02-19 11:06:53,348 demo.producer 35 INFO     SendResult(status=<SendStatus.OK: 0>, msg_id='0101007F00004D5E000009CAA9110600', offset=12)
2022-02-19 11:09:27,372 demo.views   24 INFO     æŠ¢çº¢åŒ…-->uid:199
2022-02-19 11:09:28,459 demo.views   24 INFO     æŠ¢çº¢åŒ…-->uid:199
2022-02-19 11:09:29,416 demo.views   24 INFO     æŠ¢çº¢åŒ…-->uid:199
2022-02-19 11:09:29,425 demo.producer 18 INFO     SendResult(status=<SendStatus.OK: 0>, msg_id='0101007F00004D5E0000B72BAC110700', offset=45)
2022-02-19 11:09:30,842 demo.views   24 INFO     æŠ¢çº¢åŒ…-->uid:199
2022-02-19 11:09:30,849 demo.producer 18 INFO     SendResult(status=<SendStatus.OK: 0>, msg_id='0101007F00004D5E00004731AC110800', offset=46)
2022-02-19 11:09:31,824 demo.views   24 INFO     æŠ¢çº¢åŒ…-->uid:199
2022-02-19 11:09:34,121 demo.views   24 INFO     æŠ¢çº¢åŒ…-->uid:199
2022-02-19 11:09:35,073 demo.views   24 INFO     æŠ¢çº¢åŒ…-->uid:199
2022-02-19 11:09:35,080 demo.producer 18 INFO     SendResult(status=<SendStatus.OK: 0>, msg_id='0101007F00004D5E0000CF41AC110900', offset=47)
2022-02-19 11:09:39,477 demo.views   99 INFO     æ‹†çº¢åŒ…-->uid:199 envelope_id:1 
2022-02-19 11:09:39,485 demo.producer 35 INFO     SendResult(status=<SendStatus.OK: 0>, msg_id='0101007F00004D5E00000353AC110A00', offset=13)
2022-02-19 11:09:43,020 demo.views   99 INFO     æ‹†çº¢åŒ…-->uid:199 envelope_id:1 
2022-02-19 11:09:46,544 demo.views   99 INFO     æ‹†çº¢åŒ…-->uid:199 envelope_id:2 
2022-02-19 11:09:46,555 demo.producer 35 INFO     SendResult(status=<SendStatus.OK: 0>, msg_id='0101007F00004D5E0000A06EAC110B00', offset=14)
2022-02-19 11:15:19,738 django.utils.autoreload 251 INFO     /home/shao/pythonProject/envelope/demo/views.py changed, reloading.
2022-02-19 11:15:20,556 django.utils.autoreload 637 INFO     Watching for file changes with StatReloader
2022-02-19 11:17:11,845 django.utils.autoreload 251 INFO     /home/shao/pythonProject/envelope/demo/views.py changed, reloading.
2022-02-19 11:17:12,613 django.utils.autoreload 637 INFO     Watching for file changes with StatReloader
2022-02-19 11:40:33,879 django.utils.autoreload 251 INFO     /home/shao/pythonProject/envelope/demo/views.py changed, reloading.
2022-02-19 11:40:34,510 django.utils.autoreload 637 INFO     Watching for file changes with StatReloader
2022-02-19 11:41:53,312 django.utils.autoreload 251 INFO     /home/shao/pythonProject/envelope/demo/views.py changed, reloading.
2022-02-19 11:41:54,203 django.utils.autoreload 637 INFO     Watching for file changes with StatReloader
2022-02-19 11:42:30,916 django.utils.autoreload 251 INFO     /home/shao/pythonProject/envelope/demo/views.py changed, reloading.
2022-02-19 11:42:31,766 django.utils.autoreload 637 INFO     Watching for file changes with StatReloader
2022-02-19 11:43:31,201 django.utils.autoreload 251 INFO     /home/shao/pythonProject/envelope/demo/views.py changed, reloading.
2022-02-19 11:43:31,816 django.utils.autoreload 637 INFO     Watching for file changes with StatReloader
2022-02-19 11:43:53,529 django.utils.autoreload 251 INFO     /home/shao/pythonProject/envelope/demo/views.py changed, reloading.
2022-02-19 11:43:54,209 django.utils.autoreload 637 INFO     Watching for file changes with StatReloader
2022-02-19 11:44:32,271 django.utils.autoreload 251 INFO     /home/shao/pythonProject/envelope/demo/views.py changed, reloading.
2022-02-19 11:44:32,872 django.utils.autoreload 637 INFO     Watching for file changes with StatReloader
2022-02-19 11:44:40,354 django.utils.autoreload 251 INFO     /home/shao/pythonProject/envelope/demo/views.py changed, reloading.
2022-02-19 11:44:41,181 django.utils.autoreload 637 INFO     Watching for file changes with StatReloader
2022-02-19 11:44:42,305 django.utils.autoreload 251 INFO     /home/shao/pythonProject/envelope/demo/views.py changed, reloading.
2022-02-19 11:44:43,263 django.utils.autoreload 637 INFO     Watching for file changes with StatReloader
2022-02-19 11:44:48,838 django.utils.autoreload 251 INFO     /home/shao/pythonProject/envelope/demo/views.py changed, reloading.
2022-02-19 11:44:49,512 django.utils.autoreload 637 INFO     Watching for file changes with StatReloader
2022-02-19 11:45:15,912 django.utils.autoreload 251 INFO     /home/shao/pythonProject/envelope/demo/views.py changed, reloading.
2022-02-19 11:45:16,576 django.utils.autoreload 637 INFO     Watching for file changes with StatReloader
2022-02-19 11:45:26,774 django.utils.autoreload 251 INFO     /home/shao/pythonProject/envelope/demo/views.py changed, reloading.
2022-02-19 11:45:27,482 django.utils.autoreload 637 INFO     Watching for file changes with StatReloader
2022-02-19 11:45:28,616 django.utils.autoreload 251 INFO     /home/shao/pythonProject/envelope/demo/views.py changed, reloading.
2022-02-19 11:45:29,284 django.utils.autoreload 637 INFO     Watching for file changes with StatReloader
2022-02-19 11:45:35,809 django.utils.autoreload 251 INFO     /home/shao/pythonProject/envelope/demo/views.py changed, reloading.
2022-02-19 11:45:36,452 django.utils.autoreload 637 INFO     Watching for file changes with StatReloader
2022-02-19 11:45:38,907 django.utils.autoreload 251 INFO     /home/shao/pythonProject/envelope/demo/views.py changed, reloading.
2022-02-19 11:45:39,763 django.utils.autoreload 637 INFO     Watching for file changes with StatReloader
2022-02-19 11:45:47,292 django.utils.autoreload 251 INFO     /home/shao/pythonProject/envelope/demo/views.py changed, reloading.
2022-02-19 11:45:47,955 django.utils.autoreload 637 INFO     Watching for file changes with StatReloader
2022-02-19 11:45:51,415 django.utils.autoreload 251 INFO     /home/shao/pythonProject/envelope/demo/views.py changed, reloading.
2022-02-19 11:45:52,036 django.utils.autoreload 637 INFO     Watching for file changes with StatReloader
2022-02-19 11:48:33,962 django.utils.autoreload 251 INFO     /home/shao/pythonProject/envelope/demo/views.py changed, reloading.
2022-02-19 11:48:34,630 django.utils.autoreload 637 INFO     Watching for file changes with StatReloader
2022-02-19 11:48:38,360 demo.views   129 INFO     æŸ¥è¯¢ä½™é¢å’Œçº¢åŒ…åˆ—è¡¨-->uid:199
2022-02-19 11:53:00,310 django.utils.autoreload 251 INFO     /home/shao/pythonProject/envelope/demo/views.py changed, reloading.
2022-02-19 11:53:00,954 django.utils.autoreload 637 INFO     Watching for file changes with StatReloader
2022-02-19 11:53:02,047 demo.views   129 INFO     æŸ¥è¯¢ä½™é¢å’Œçº¢åŒ…åˆ—è¡¨-->uid:199
2022-02-19 11:53:15,448 demo.views   100 INFO     æ‹†çº¢åŒ…-->uid:199 envelope_id:3 
2022-02-19 11:53:15,458 demo.producer 35 INFO     SendResult(status=<SendStatus.OK: 0>, msg_id='0101007F00003E730000A83DD4110100', offset=15)
2022-02-19 11:53:19,178 demo.views   129 INFO     æŸ¥è¯¢ä½™é¢å’Œçº¢åŒ…åˆ—è¡¨-->uid:199
2022-02-19 11:57:46,257 django.utils.autoreload 251 INFO     /home/shao/pythonProject/envelope/demo/views.py changed, reloading.
2022-02-19 11:57:46,887 django.utils.autoreload 637 INFO     Watching for file changes with StatReloader
2022-02-19 11:57:49,043 demo.views   129 INFO     æŸ¥è¯¢ä½™é¢å’Œçº¢åŒ…åˆ—è¡¨-->uid:199
2022-02-19 11:57:51,440 demo.views   129 INFO     æŸ¥è¯¢ä½™é¢å’Œçº¢åŒ…åˆ—è¡¨-->uid:199
